<?xml version="1.0" encoding="UTF-8"?>
<testng-results ignored="0" total="1" passed="1" failed="0" skipped="0">
  <reporter-output>
    <line>
      <![CDATA[addAndDeleteUser has got passed]]>
    </line>
  </reporter-output>
  <suite started-at="2024-12-14T13:50:34 IST" name="Default suite" finished-at="2024-12-14T13:50:52 IST" duration-ms="17617">
    <groups>
    </groups>
    <test started-at="2024-12-14T13:50:34 IST" name="Default test" finished-at="2024-12-14T13:50:52 IST" duration-ms="17617">
      <class name="com.maxx.testscript.UserModule">
        <test-method is-config="true" signature="openBrowser()[pri:0, instance:com.maxx.testscript.UserModule@2d7275fc]" started-at="2024-12-14T13:50:34 IST" name="openBrowser" finished-at="2024-12-14T13:50:37 IST" duration-ms="2425" status="PASS">
          <reporter-output>
          </reporter-output>
        </test-method> <!-- openBrowser -->
        <test-method is-config="true" signature="login()[pri:0, instance:com.maxx.testscript.UserModule@2d7275fc]" started-at="2024-12-14T13:50:37 IST" name="login" finished-at="2024-12-14T13:50:37 IST" duration-ms="772" status="PASS">
          <reporter-output>
          </reporter-output>
        </test-method> <!-- login -->
        <test-method signature="addAndDeleteUser()[pri:0, instance:com.maxx.testscript.UserModule@2d7275fc]" started-at="2024-12-14T13:50:37 IST" name="addAndDeleteUser" finished-at="2024-12-14T13:50:51 IST" duration-ms="13435" status="PASS">
          <reporter-output>
            <line>
              <![CDATA[addAndDeleteUser has got passed]]>
            </line>
          </reporter-output>
        </test-method> <!-- addAndDeleteUser -->
        <test-method is-config="true" signature="logout()[pri:0, instance:com.maxx.testscript.UserModule@2d7275fc]" started-at="2024-12-14T13:50:51 IST" name="logout" finished-at="2024-12-14T13:50:51 IST" duration-ms="331" status="PASS">
          <reporter-output>
          </reporter-output>
        </test-method> <!-- logout -->
        <test-method is-config="true" signature="closeBrowser()[pri:0, instance:com.maxx.testscript.UserModule@2d7275fc]" started-at="2024-12-14T13:50:51 IST" name="closeBrowser" finished-at="2024-12-14T13:50:52 IST" duration-ms="604" status="PASS">
          <reporter-output>
          </reporter-output>
        </test-method> <!-- closeBrowser -->
      </class> <!-- com.maxx.testscript.UserModule -->
    </test> <!-- Default test -->
  </suite> <!-- Default suite -->
</testng-results>
